<?xml version="1.0" encoding="UTF-8"?>
<testsuite xmlns:xsi="http://www.w3.org/2001/XMLSchema-instance" xsi:noNamespaceSchemaLocation="https://maven.apache.org/surefire/maven-surefire-plugin/xsd/surefire-test-report-3.0.xsd" version="3.0" name="net.kuomintang666.ApplicationTest" time="0.022" tests="1" errors="0" skipped="0" failures="0">
  <properties>
[...]
</properties>
  <testcase name="test" classname="net.kuomintang666.ApplicationTest" time="0.006">
    <system-out><![CDATA[bitch
motherfucker
]]></system-out>
  </testcase>
</testsuite>